<?xml version="1.0" encoding="UTF-8"?>
<!-- Generated by org.testng.reporters.JUnitReportReporter -->
<testsuite hostname="IND-PF1NGPX0" failures="0" tests="1" name="Org.testrunner.ReRunFailedTests" time="16.135" errors="0" timestamp="2024-03-16T13:32:06 IST" skipped="0">
  <testcase classname="Org.testrunner.ReRunFailedTests" name="runScenario" time="16.135"/>
</testsuite> <!-- Org.testrunner.ReRunFailedTests -->
