<?xml version="1.0" encoding="UTF-8"?>
<!-- Generated by org.testng.reporters.JUnitReportReporter -->
<testsuite hostname="IND-PF1NGPX0" failures="0" tests="1" name="Org.testrunner.TestRunner" time="10.226" errors="0" timestamp="2024-03-15T22:54:32 IST" skipped="0">
  <testcase classname="Org.testrunner.TestRunner" name="runScenario" time="10.226"/>
</testsuite> <!-- Org.testrunner.TestRunner -->
